
 Primary working directories    : /tmp
 Secondary working directories  : /tmp
 Wavefunction directory         : /users/tnorthey/wfu/
 Main file repository           : /tmp/

 SHA1      : c1fa73a58b863d85f8aab6c87b7659dc5dec4ab7
 NAME      : 2015.1.19
 ARCHNAME  : linux/x86_64
 FC        : /usr/bin/gfortran
 BLASLIB   : -L/gpfs/runtime/opt/intel/2017.0/mkl/lib/intel64 -lmkl_gf_ilp64 -lmkl_gnu_thread -lmkl_core
 id        : brownengin

 Nodes                       nprocs
 node1317.oscar.ccv.brown.edu    1

 Using customized tuning parameters: mindgm=1; mindgv=20; mindgc=4; mindgr=1; noblas=0; minvec=7
 default implementation of scratch files=df  

                                                                                 !!! chd
 
 memory,100,m
 gprint,civector,orbitals,angles=-1,distance=-1
 gthresh,twoint=1.0d-13
 gthresh,energy=1.0d-7,gradient=1.0d-2
 
 gthresh,thrpun=0.000000001
 punch, chd_opt_freq.pun, new
 
 symmetry, nosym
 orient, noorient
 angstrom
 
 basis=6-31G*
 geomtyp=xyz
 
                                                                                 !HF-SCF000/6-311G**  ENERGY=-231.88579148
 geometry={
         14
  C          0.7291047538       -1.2391639672       -0.1156208908
  C          1.4061942946        0.0696892340        0.2170347497
  C          0.7338393146        1.2085297963        0.1715987073
  C         -0.7008200942        1.2200484473       -0.1727758905
  C         -1.4042196194        0.0992162046       -0.1648091164
  C         -0.7631216549       -1.2103733341        0.2299797691
  H          1.2132227917       -2.0603303894        0.4037007727
  H          0.8557226872       -1.4297937295       -1.1824185720
  H          2.4592795838        0.0630866073        0.4420127770
  H          1.2226079020        2.1465272116        0.3704949954
  H         -1.1636162300        2.1605530864       -0.4170733426
  H         -2.4569233072        0.1107714979       -0.3913609702
  H         -1.2700795905       -2.0418289120       -0.2496644405
  H         -0.8939408625       -1.3464569009        1.3046635596
           }
 
 hf
 optg,savexyz='chd_opt_freq.xyz'                                                 !default optimization
 freq
 
 put, molden, chd_opt_freq.mld

 Variables initialized (889), CPU time= 0.01 sec
 Commands  initialized (702), CPU time= 0.00 sec, 572 directives.
 Default parameters read. Elapsed time= 0.14 sec

 Checking input...
 Passed
1


                                         ***  PROGRAM SYSTEM MOLPRO  ***
                                       Copyright, TTI GmbH Stuttgart, 2015
                                    Version 2015.1 linked Dec 11 2017 15:18:43


 **********************************************************************************************************************************
 LABEL *                                                                                 
  64 bit serial version                                                                  DATE: 09-Aug-23          TIME: 08:41:20  
 **********************************************************************************************************************************

 SHA1:             c1fa73a58b863d85f8aab6c87b7659dc5dec4ab7
 **********************************************************************************************************************************


 THRESHOLDS:

 ZERO    =  1.00D-12  ONEINT  =  1.00D-12  TWOINT  =  1.00D-13  PREFAC  =  1.00D-14  LOCALI  =  1.00D-09  EORDER  =  1.00D-04
 ENERGY  =  0.00D+00  ETEST   =  0.00D+00  EDENS   =  0.00D+00  THRDEDEF=  1.00D-06  GRADIENT=  1.00D-02  STEP    =  1.00D-03
 ORBITAL =  1.00D-05  CIVEC   =  1.00D-05  COEFF   =  1.00D-04  PRINTCI =  5.00D-02  PUNCHCI =  9.90D+01  OPTGRAD =  3.00D-04
 OPTENERG=  1.00D-06  OPTSTEP =  3.00D-04  THRGRAD =  1.00D-10  COMPRESS=  1.00D-11  VARMIN  =  1.00D-07  VARMAX  =  1.00D-03
 THRDOUB =  0.00D+00  THRDIV  =  1.00D-05  THRRED  =  1.00D-07  THRPSP  =  1.00D+00  THRDC   =  1.00D-10  THRCS   =  1.00D-10
 THRNRM  =  1.00D-08  THREQ   =  0.00D+00  THRDE   =  1.00D+00  THRREF  =  1.00D-05  SPARFAC =  1.00D+00  THRDLP  =  1.00D-07
 THRDIA  =  1.00D-10  THRDLS  =  1.00D-07  THRGPS  =  0.00D+00  THRKEX  =  0.00D+00  THRDIS  =  2.00D-01  THRVAR  =  1.00D-10
 THRLOC  =  1.00D-06  THRGAP  =  1.00D-06  THRLOCT = -1.00D+00  THRGAPT = -1.00D+00  THRORB  =  1.00D-06  THRMLTP =  0.00D+00
 THRCPQCI=  1.00D-10  KEXTA   =  0.00D+00  THRCOARS=  0.00D+00  SYMTOL  =  1.00D-06  GRADTOL =  1.00D-06  THROVL  =  1.00D-08
 THRORTH =  1.00D-08  GRID    =  1.00D-06  GRIDMAX =  1.00D-03  DTMAX   =  0.00D+00  THROCCDE=  1.00D-01  THROCCDE=  1.00D-01



 THRESHOLDS:

 ZERO    =  1.00D-12  ONEINT  =  1.00D-12  TWOINT  =  1.00D-13  PREFAC  =  1.00D-14  LOCALI  =  1.00D-09  EORDER  =  1.00D-04
 ENERGY  =  1.00D-07  ETEST   =  0.00D+00  EDENS   =  0.00D+00  THRDEDEF=  1.00D-06  GRADIENT=  1.00D-02  STEP    =  1.00D-03
 ORBITAL =  1.00D-05  CIVEC   =  1.00D-05  COEFF   =  1.00D-04  PRINTCI =  5.00D-02  PUNCHCI =  9.90D+01  OPTGRAD =  3.00D-04
 OPTENERG=  1.00D-06  OPTSTEP =  3.00D-04  THRGRAD =  1.00D-10  COMPRESS=  1.00D-11  VARMIN  =  1.00D-07  VARMAX  =  1.00D-03
 THRDOUB =  0.00D+00  THRDIV  =  1.00D-05  THRRED  =  1.00D-07  THRPSP  =  1.00D+00  THRDC   =  1.00D-10  THRCS   =  1.00D-10
 THRNRM  =  1.00D-08  THREQ   =  0.00D+00  THRDE   =  1.00D+00  THRREF  =  1.00D-05  SPARFAC =  1.00D+00  THRDLP  =  1.00D-07
 THRDIA  =  1.00D-10  THRDLS  =  1.00D-07  THRGPS  =  0.00D+00  THRKEX  =  0.00D+00  THRDIS  =  2.00D-01  THRVAR  =  1.00D-10
 THRLOC  =  1.00D-06  THRGAP  =  1.00D-06  THRLOCT = -1.00D+00  THRGAPT = -1.00D+00  THRORB  =  1.00D-06  THRMLTP =  0.00D+00
 THRCPQCI=  1.00D-10  KEXTA   =  0.00D+00  THRCOARS=  0.00D+00  SYMTOL  =  1.00D-06  GRADTOL =  1.00D-06  THROVL  =  1.00D-08
 THRORTH =  1.00D-08  GRID    =  1.00D-06  GRIDMAX =  1.00D-03  DTMAX   =  0.00D+00  THROCCDE=  1.00D-01  THROCCDE=  1.00D-01



 THRESHOLDS:

 ZERO    =  1.00D-12  ONEINT  =  1.00D-12  TWOINT  =  1.00D-13  PREFAC  =  1.00D-14  LOCALI  =  1.00D-09  EORDER  =  1.00D-04
 ENERGY  =  1.00D-07  ETEST   =  0.00D+00  EDENS   =  0.00D+00  THRDEDEF=  1.00D-06  GRADIENT=  1.00D-02  STEP    =  1.00D-03
 ORBITAL =  1.00D-05  CIVEC   =  1.00D-05  COEFF   =  1.00D-04  PRINTCI =  5.00D-02  PUNCHCI =  1.00D-09  OPTGRAD =  3.00D-04
 OPTENERG=  1.00D-06  OPTSTEP =  3.00D-04  THRGRAD =  1.00D-10  COMPRESS=  1.00D-11  VARMIN  =  1.00D-07  VARMAX  =  1.00D-03
 THRDOUB =  0.00D+00  THRDIV  =  1.00D-05  THRRED  =  1.00D-07  THRPSP  =  1.00D+00  THRDC   =  1.00D-10  THRCS   =  1.00D-10
 THRNRM  =  1.00D-08  THREQ   =  0.00D+00  THRDE   =  1.00D+00  THRREF  =  1.00D-05  SPARFAC =  1.00D+00  THRDLP  =  1.00D-07
 THRDIA  =  1.00D-10  THRDLS  =  1.00D-07  THRGPS  =  0.00D+00  THRKEX  =  0.00D+00  THRDIS  =  2.00D-01  THRVAR  =  1.00D-10
 THRLOC  =  1.00D-06  THRGAP  =  1.00D-06  THRLOCT = -1.00D+00  THRGAPT = -1.00D+00  THRORB  =  1.00D-06  THRMLTP =  0.00D+00
 THRCPQCI=  1.00D-10  KEXTA   =  0.00D+00  THRCOARS=  0.00D+00  SYMTOL  =  1.00D-06  GRADTOL =  1.00D-06  THROVL  =  1.00D-08
 THRORTH =  1.00D-08  GRID    =  1.00D-06  GRIDMAX =  1.00D-03  DTMAX   =  0.00D+00  THROCCDE=  1.00D-01  THROCCDE=  1.00D-01



 PUNCHFILE CHD_OPT_FREQ.PUN OPENED

 Variable memory set to  100000000 words,  buffer space   230000 words

 SETTING BASIS          =    6-31G*
 SETTING GEOMTYP        =    XYZ
 ZSYMEL=NOSYM
 ZUNIT=ANG



 Recomputing integrals since basis changed


 Using spherical harmonics

 Library entry C      S 6-31G                selected for orbital group  1
 Library entry C      P 6-31G                selected for orbital group  1
 Library entry C      D 6-31G*               selected for orbital group  1
 Library entry H      S 6-31G                selected for orbital group  2


 PROGRAM * SEWARD (Integral evaluation for generally contracted gaussian basis sets)     Author: Roland Lindh, 1990

 Geometry written to block  1 of record 700


 Point group  C1  



 ATOMIC COORDINATES

 NR  ATOM    CHARGE       X              Y              Z

   1  C       6.00    1.377808301   -2.341680521   -0.218491818
   2  C       6.00    2.657322095    0.131693566    0.410136236
   3  C       6.00    1.386755324    2.283790328    0.324274560
   4  C       6.00   -1.324358041    2.305557424   -0.326499114
   5  C       6.00   -2.653590499    0.187491454   -0.311444093
   6  C       6.00   -1.442090927   -2.287274110    0.434598778
   7  H       1.00    2.292658804   -3.893460162    0.762883897
   8  H       1.00    1.617081517   -2.701918563   -2.234447266
   9  H       1.00    4.647364877    0.119216410    0.835283092
  10  H       1.00    2.310394093    4.056348549    0.700134072
  11  H       1.00   -2.198915989    4.082853611   -0.788154391
  12  H       1.00   -4.642912160    0.209327793   -0.739565050
  13  H       1.00   -2.400102582   -3.858497437   -0.471797416
  14  H       1.00   -1.689303402   -2.544434781    2.465456812

 NUCLEAR CHARGE:                   44
 NUMBER OF PRIMITIVE AOS:         200
 NUMBER OF SYMMETRY AOS:          194
 NUMBER OF CONTRACTIONS:          100   ( 100A   )
 NUMBER OF CORE ORBITALS:           6   (   6A   )
 NUMBER OF VALENCE ORBITALS:       32   (  32A   )


 NUCLEAR REPULSION ENERGY  219.93724288


 Eigenvalues of metric

         1 0.139E-02 0.501E-02 0.555E-02 0.796E-02 0.824E-02 0.156E-01 0.171E-01 0.199E-01


 Contracted 2-electron integrals neglected if value below      1.0D-13
 AO integral compression algorithm  1   Integral accuracy      1.0D-13

     76.546 MB (compressed) written to integral file ( 66.7%)


 NUMBER OF SORTED TWO-ELECTRON INTEGRALS:   12753775.     BUFFER LENGTH:  32768
 NUMBER OF SEGMENTS:   1  SEGMENT LENGTH:   12753775      RECORD LENGTH: 524288

 Memory used in sort:      13.31 MW

 SORT1 READ    14306081. AND WROTE    12566101. INTEGRALS IN     36 RECORDS. CPU TIME:     0.13 SEC, REAL TIME:     0.19 SEC
 SORT2 READ    12566101. AND WROTE    12753775. INTEGRALS IN    292 RECORDS. CPU TIME:     0.23 SEC, REAL TIME:     0.30 SEC

 FILE SIZES:   FILE 1:    96.2 MBYTE,  FILE 4:   151.0 MBYTE,   TOTAL:    247.3 MBYTE

 OPERATOR DM      FOR CENTER  0  COORDINATES:    0.000000    0.000000    0.000000


 **********************************************************************************************************************************
 DATASETS  * FILE   NREC   LENGTH (MB)   RECORD NAMES
              1      19       87.55       500      610      700      900      950      970     1000      129      960     1100   
                                          VAR    BASINP    GEOM    SYMINP    ZMAT    AOBASIS   BASIS     P2S    ABASIS      S 
                                         1400     1410     1200     1210     1080     1600     1650     1300     1700   
                                           T        V       H0       H01     AOSYM     SMH    MOLCAS    ERIS     OPER   

 PROGRAMS   *        TOTAL       INT
 CPU TIMES  *         1.98      1.89
 REAL TIME  *         2.42 SEC
 DISK USED  *       247.78 MB      
 **********************************************************************************************************************************


 PROGRAM * RHF-SCF (CLOSED SHELL)       Authors: W. Meyer, H.-J. Werner


 NUMBER OF ELECTRONS:      22+   22-    SPACE SYMMETRY=1    SPIN SYMMETRY: Singlet 
 CONVERGENCE THRESHOLDS:    1.00E-06 (Density)    1.00E-08 (Energy)
 MAX. NUMBER OF ITERATIONS:       60
 INTERPOLATION TYPE:            DIIS
 INTERPOLATION STEPS:              2 (START)      1 (STEP)
 LEVEL SHIFTS:                  0.00 (CLOSED)  0.00 (OPEN) 



 Orbital guess generated from atomic densities. Full valence occupancy:   22

 Molecular orbital dump at record        2100.2

 Initial occupancy:  22

 ITERATION    DDIFF          GRAD             ENERGY        2-EL.EN.            DIPOLE MOMENTS         DIIS   ORB.
    1      0.000D+00      0.000D+00      -231.75363367    596.600256   -0.00562   -0.43976    0.00996    0    start
    2      0.000D+00      0.531D-02      -231.82089188    589.844950   -0.00110   -0.09005    0.00162    1    diag
    3      0.624D-02      0.216D-02      -231.82980263    592.462809   -0.00216   -0.17428    0.00358    2    diag
    4      0.295D-02      0.598D-03      -231.83098069    591.983869   -0.00167   -0.13567    0.00266    3    diag
    5      0.109D-02      0.880D-04      -231.83100671    591.968931   -0.00172   -0.14021    0.00277    4    diag
    6      0.196D-03      0.350D-04      -231.83101058    591.972223   -0.00165   -0.13476    0.00264    5    diag
    7      0.543D-04      0.111D-04      -231.83101100    591.971323   -0.00166   -0.13543    0.00265    6    diag
    8      0.182D-04      0.312D-05      -231.83101105    591.971858   -0.00165   -0.13500    0.00264    7    diag
    9      0.602D-05      0.124D-05      -231.83101106    591.971741   -0.00165   -0.13501    0.00264    8    diag
   10      0.265D-05      0.262D-06      -231.83101106    591.971753   -0.00165   -0.13499    0.00264    9    orth
   11      0.687D-06      0.637D-07      -231.83101106    591.971754   -0.00165   -0.13499    0.00264    0    orth

 Final occupancy:  22

 !RHF STATE 1.1 Energy               -231.831011061347
 Nuclear energy                       219.93724288
 One-electron energy                 -747.75413106
 Two-electron energy                  295.98587712
 Virial quotient                       -0.99934835
 !RHF STATE 1.1 Dipole moment          -0.00165379    -0.13499231     0.00264235
 Dipole moment /Debye                  -0.00420325    -0.34309375     0.00671575

 ELECTRON ORBITALS
 =================


   Orb  Occ    Energy  Couls-En    Coefficients

                                   1 1s      1 1s      1 1s      1 2px     1 2py     1 2pz     1 2px     1 2py     1 2pz     1 3d0  
                                   1 3d2-    1 3d1+    1 3d2+    1 3d1-    2 1s      2 1s      2 1s      2 2px     2 2py     2 2pz  
                                   2 2px     2 2py     2 2pz     2 3d0     2 3d2-    2 3d1+    2 3d2+    2 3d1-    3 1s      3 1s   
                                   3 1s      3 2px     3 2py     3 2pz     3 2px     3 2py     3 2pz     3 3d0     3 3d2-    3 3d1+ 
                                   3 3d2+    3 3d1-    4 1s      4 1s      4 1s      4 2px     4 2py     4 2pz     4 2px     4 2py  
                                   4 2pz     4 3d0     4 3d2-    4 3d1+    4 3d2+    4 3d1-    5 1s      5 1s      5 1s      5 2px  
                                   5 2py     5 2pz     5 2px     5 2py     5 2pz     5 3d0     5 3d2-    5 3d1+    5 3d2+    5 3d1- 
                                   6 1s      6 1s      6 1s      6 2px     6 2py     6 2pz     6 2px     6 2py     6 2pz     6 3d0  
                                   6 3d2-    6 3d1+    6 3d2+    6 3d1-    7 1s      7 1s      8 1s      8 1s      9 1s      9 1s   
                                  10 1s     10 1s     11 1s     11 1s     12 1s     12 1s     13 1s     13 1s     14 1s     14 1s   


   1.1   2   -11.2197  -39.1820  0.384345  0.009828 -0.004756  0.000025 -0.000063  0.000016 -0.000599  0.000785 -0.000119  0.000227
                                -0.000230  0.000001 -0.000036 -0.000129  0.601756  0.014637 -0.007061 -0.000068 -0.000018 -0.000028
                                 0.000551 -0.000999  0.000179 -0.000248 -0.000246  0.000029  0.000015 -0.000035  0.184774  0.003711
                                 0.001346 -0.000044  0.000292  0.000012  0.000375 -0.001488 -0.000118  0.000012  0.000086 -0.000024
                                -0.000048  0.000019  0.168488  0.003350  0.001306  0.000024  0.000266 -0.000025 -0.000316 -0.001354
                                 0.000186  0.000008 -0.000080 -0.000022 -0.000060 -0.000018  0.536862  0.013029 -0.006249  0.000047
                                -0.000010  0.000022 -0.000520 -0.000954 -0.000123 -0.000230  0.000223  0.000010  0.000030  0.000017
                                 0.362412  0.009225 -0.004311 -0.000037 -0.000062 -0.000023  0.000754  0.000724  0.000120  0.000201
                                 0.000215  0.000003 -0.000046  0.000132 -0.000038  0.001660 -0.000269  0.001648 -0.000322  0.001359
                                -0.000140  0.000800 -0.000132  0.000760 -0.000294  0.001219 -0.000036  0.001599 -0.000273  0.001523

   2.1   2   -11.2195  -39.1956  0.201296  0.005575 -0.004296 -0.000111 -0.000014 -0.000108  0.001405  0.000429  0.000369  0.000140
                                -0.000173 -0.000079  0.000163 -0.000110  0.619098  0.015356 -0.007725 -0.000201 -0.000084 -0.000064
                                 0.000544 -0.000320  0.000097 -0.000194 -0.000209  0.000092 -0.000034  0.000007  0.159114  0.003565
                                 0.000218 -0.000271  0.000220 -0.000012  0.000959 -0.001093  0.000045  0.000058  0.000026  0.000022
                                 0.000090  0.000024 -0.176319 -0.003909 -0.000338 -0.000280 -0.000241  0.000001  0.001025  0.001202
                                -0.000024 -0.000059  0.000037 -0.000021 -0.000084  0.000018 -0.672306 -0.016643  0.008306 -0.000203
                                 0.000087 -0.000070  0.000589  0.000422  0.000088  0.000215 -0.000238 -0.000082  0.000017  0.000024
                                -0.244649 -0.006687  0.004859 -0.000109  0.000016 -0.000107  0.001315 -0.000507  0.000382 -0.000152
                                -0.000181  0.000082 -0.000160 -0.000145 -0.000016  0.000531  0.000055  0.001175 -0.000273  0.001325
                                -0.000076  0.000364  0.000089 -0.000441  0.000303 -0.001451  0.000020 -0.000708 -0.000029 -0.001353

   3.1   2   -11.2190  -39.1493  0.602030  0.016025 -0.010978 -0.000109  0.000232 -0.000006 -0.000914 -0.001622  0.000283  0.000065
                                 0.000105  0.000152 -0.000222  0.000033 -0.344462 -0.008863  0.007557  0.000132  0.000119  0.000016
                                -0.001665 -0.001674 -0.000533  0.000192 -0.000069 -0.000099  0.000227 -0.000081 -0.144338 -0.003395
                                 0.000074  0.000061  0.000031 -0.000002  0.000124  0.000458  0.000077 -0.000094 -0.000072  0.000055
                                 0.000075  0.000001 -0.145341 -0.003419  0.000098 -0.000062  0.000032  0.000001 -0.000090  0.000452
                                -0.000096 -0.000094  0.000071  0.000051  0.000078 -0.000006 -0.347774 -0.008944  0.007541 -0.000131
                                 0.000122 -0.000022  0.001603 -0.001667  0.000606  0.000183  0.000048 -0.000100  0.000224  0.000108
                                 0.590277  0.015707 -0.010682  0.000115  0.000227 -0.000004  0.000906 -0.001646 -0.000215  0.000068
                                -0.000086  0.000157 -0.000229 -0.000044 -0.000026  0.001441  0.000136  0.001954  0.000056 -0.000407
                                 0.000074 -0.000291  0.000076 -0.000289  0.000059 -0.000416 -0.000029  0.001403  0.000131  0.001914

   4.1   2   -11.2185  -39.1358  0.663704  0.017861 -0.017278  0.000049  0.000133  0.000070  0.001559 -0.001172 -0.000796 -0.000152
                                 0.000062 -0.000063  0.000153 -0.000006 -0.207548 -0.005203  0.006310 -0.000020  0.000023  0.000022
                                -0.001349 -0.001470 -0.000469  0.000204 -0.000139 -0.000008  0.000126 -0.000118 -0.077276 -0.001693
                                -0.001083  0.000039 -0.000048  0.000056  0.000654  0.000940  0.000116  0.000003  0.000016  0.000009
                                -0.000042  0.000031  0.080029  0.001758  0.001075  0.000041  0.000049  0.000054  0.000630 -0.000956
                                 0.000162 -0.000005  0.000012 -0.000009  0.000040  0.000033  0.212592  0.005332 -0.006414 -0.000019
                                -0.000023  0.000024 -0.001331  0.001507 -0.000548 -0.000196 -0.000133  0.000013 -0.000131 -0.000142
                                -0.671968 -0.018082  0.017428  0.000044 -0.000135  0.000077  0.001579  0.001113 -0.000845  0.000152
                                 0.000074  0.000057 -0.000146 -0.000002  0.000244  0.002180  0.000296  0.001898 -0.000009 -0.000406
                                -0.000016 -0.000377  0.000014  0.000382  0.000008  0.000412 -0.000244 -0.002198 -0.000298 -0.001925

   5.1   2   -11.2166  -39.1886  0.030201  0.000770 -0.001491 -0.000026 -0.000068  0.000025 -0.000139 -0.000463 -0.000220 -0.000079
                                 0.000078  0.000048 -0.000049  0.000057 -0.226642 -0.006461  0.007348  0.000305 -0.000280  0.000068
                                -0.001886  0.001073 -0.000403  0.000231  0.000166 -0.000042  0.000132 -0.000022  0.667068  0.016603
                                -0.009157  0.000030 -0.000262 -0.000013 -0.000672  0.001587  0.000093 -0.000226 -0.000217 -0.000032
                                -0.000348  0.000052  0.665282  0.016557 -0.009121 -0.000038 -0.000260  0.000025  0.000721  0.001557
                                -0.000165 -0.000219  0.000233 -0.000045 -0.000333 -0.000085 -0.227367 -0.006478  0.007346 -0.000312
                                -0.000274 -0.000055  0.001911  0.001036  0.000353  0.000227 -0.000175 -0.000033  0.000121  0.000048
                                 0.030422  0.000775 -0.001492  0.000024 -0.000069 -0.000022  0.000128 -0.000455  0.000242 -0.000074
                                -0.000073  0.000050 -0.000051 -0.000067  0.000047  0.000157  0.000032 -0.000060  0.000060 -0.000132
                                -0.000346  0.001367 -0.000345  0.001364  0.000060 -0.000135  0.000047  0.000158  0.000032 -0.000060

   6.1   2   -11.2159  -39.1878 -0.022086 -0.000804  0.003068 -0.000014  0.000010 -0.000017 -0.000301  0.000914  0.000436  0.000060
                                -0.000036 -0.000045  0.000061 -0.000007  0.183888  0.005236 -0.008396 -0.000164  0.000203 -0.000007
                                 0.002424 -0.000933  0.000392 -0.000287 -0.000141  0.000077 -0.000128  0.000043 -0.678992 -0.017673
                                 0.016242  0.000246  0.000267  0.000067 -0.002313 -0.002928 -0.000708  0.000536  0.000277 -0.000266
                                -0.000178  0.000014  0.680197  0.017704 -0.016263  0.000239 -0.000271  0.000080 -0.002231  0.002958
                                -0.000847 -0.000536  0.000280  0.000253  0.000193 -0.000028 -0.185067 -0.005267  0.008423 -0.000171
                                -0.000199  0.000002  0.002456  0.000885  0.000351  0.000282 -0.000151 -0.000069  0.000118  0.000075
                                 0.022251  0.000809 -0.003075 -0.000014 -0.000010 -0.000017 -0.000325 -0.000886  0.000478 -0.000059
                                -0.000031  0.000046 -0.000063 -0.000016 -0.000082 -0.000173 -0.000098  0.000097 -0.000044  0.000163
                                 0.000187 -0.000976 -0.000188  0.000978  0.000044 -0.000165  0.000082  0.000173  0.000098 -0.000097

   7.1   2    -1.1261  -15.5562 -0.084718  0.158650  0.126908 -0.019604  0.037072  0.011684 -0.002951  0.007251 -0.000301 -0.003686
                                 0.001182 -0.000923  0.000205  0.001651 -0.093331  0.177707  0.112874 -0.054233  0.017516 -0.010694
                                -0.003868  0.000623 -0.000952 -0.009275 -0.001614  0.003053 -0.002278  0.001722 -0.096072  0.183134
                                 0.118821 -0.016381 -0.056216 -0.008398 -0.003598 -0.004481 -0.000826 -0.009526 -0.002221  0.003761
                                 0.000228  0.000925 -0.096073  0.183135  0.118830  0.014841 -0.056190  0.011040  0.003478 -0.004538
                                 0.001035 -0.009413  0.002380  0.003618  0.000418 -0.001791 -0.093339  0.177722  0.112869  0.054710
                                 0.016495  0.009882  0.003882  0.000561  0.000914 -0.009091  0.001875  0.002919 -0.002080 -0.002661
                                -0.084727  0.158664  0.126932  0.020602  0.035933 -0.013415  0.003157  0.007182 -0.000033 -0.003541
                                -0.001238 -0.000914  0.000222 -0.001914  0.038496  0.003062  0.042074  0.000194  0.037477  0.003073
                                 0.038328  0.003114  0.038325  0.003114  0.037479  0.003074  0.038495  0.003068  0.042078  0.000191

   8.1   2    -1.0074  -14.9259 -0.057997  0.109860  0.101811  0.059601  0.041988  0.005568  0.010287  0.006267 -0.000810 -0.000427
                                 0.004662  0.002744 -0.008208  0.001840 -0.125569  0.239953  0.195166 -0.025404  0.031582 -0.007281
                                -0.003360  0.001096 -0.001040 -0.011276 -0.002593  0.004104 -0.002198  0.002036 -0.076513  0.146855
                                 0.103025  0.086932 -0.069944  0.010253  0.018288  0.007294  0.003399 -0.005292 -0.006163 -0.000407
                                -0.009503  0.000522  0.076342 -0.146527 -0.102780  0.088873  0.067940  0.007033  0.018091 -0.007613
                                 0.003769  0.005195 -0.006649  0.000742  0.009112  0.001378  0.125545 -0.239910 -0.195116 -0.026262
                                -0.030986 -0.005787 -0.003388 -0.001022 -0.000980  0.011055 -0.002879 -0.003923  0.001930  0.003165
                                 0.058175 -0.110201 -0.102113  0.058365 -0.043279  0.007608  0.010098 -0.006572 -0.000511  0.000258
                                 0.004069 -0.002892  0.008340  0.002336  0.036701  0.006963  0.034382  0.003699  0.074306  0.016175
                                 0.043217  0.002845 -0.043110 -0.002823 -0.074291 -0.016171 -0.036813 -0.006989 -0.034479 -0.003713

   9.1   2    -1.0017  -14.6899 -0.113433  0.215603  0.198733 -0.044998 -0.021583  0.008164 -0.005567 -0.007260  0.000852 -0.000208
                                -0.002662 -0.002091  0.005967 -0.001620  0.015312 -0.027021 -0.028332  0.008897 -0.112686 -0.008004
                                 0.001887 -0.017274 -0.001436 -0.000161  0.011341  0.000939 -0.001465  0.002998  0.100282 -0.192896
                                -0.145768  0.031067  0.004014  0.008883  0.006848 -0.004350  0.001632  0.009664  0.000084 -0.005080
                                -0.003665 -0.001366  0.100399 -0.193122 -0.145924 -0.030819  0.004552 -0.009045 -0.006941 -0.004248
                                -0.001414  0.009525 -0.000134 -0.005031 -0.003740  0.002125  0.015511 -0.027400 -0.028654 -0.012019
                                -0.111936  0.013325 -0.002363 -0.017130  0.002252  0.000108 -0.011197  0.001382 -0.001937 -0.003109
                                -0.113332  0.215409  0.198557  0.044486 -0.023246 -0.007081  0.005388 -0.007457 -0.000495 -0.000357
                                 0.002237 -0.002162  0.006030  0.001943  0.074178  0.013919  0.069112  0.012298 -0.006625 -0.001299
                                -0.060562 -0.013675 -0.060624 -0.013677 -0.006749 -0.001322  0.074108  0.013905  0.069048  0.012288

  10.1   2    -0.8442  -13.8141 -0.103989  0.197944  0.238344  0.101757 -0.018071 -0.028645  0.031511 -0.007013 -0.010719  0.007051
                                -0.002024  0.004723 -0.008254 -0.001811  0.010092 -0.016518 -0.038572  0.008076 -0.169926 -0.025677
                                 0.009546 -0.039034 -0.005082 -0.000290  0.010634  0.002106 -0.001806  0.003670  0.073860 -0.144182
                                -0.116054 -0.088386  0.013900 -0.023483 -0.026367 -0.025528 -0.009174  0.005030  0.000508 -0.000496
                                 0.006885 -0.000767 -0.073871  0.144203  0.116076 -0.088737 -0.012572 -0.022898 -0.025654  0.025776
                                -0.010419 -0.004933  0.000909  0.000437 -0.006792 -0.001521 -0.010093  0.016517  0.038588  0.012710
                                 0.168255 -0.033708  0.010602  0.038474 -0.006915 -0.000019  0.010416 -0.002500  0.002209  0.003842
                                 0.103994 -0.197954 -0.238356  0.102188  0.013879 -0.029402  0.031681  0.005629 -0.011024 -0.006893
                                -0.002702 -0.004664  0.008212 -0.001864  0.099198  0.036040  0.097052  0.033276 -0.005198 -0.003309
                                -0.072402 -0.019252  0.072407  0.019257  0.005218  0.003311 -0.099208 -0.036045 -0.097030 -0.033266

  11.1   2    -0.7970  -13.6667  0.036161 -0.069507 -0.077764  0.079746  0.092951  0.010208  0.019590  0.036277  0.000369 -0.003685
                                 0.006913  0.003471 -0.006357  0.004339 -0.100166  0.198115  0.180016  0.071326  0.000748  0.013932
                                 0.044924 -0.010511  0.008998 -0.007997 -0.000420  0.004612  0.006899  0.001161  0.059422 -0.121176
                                -0.107914  0.142134 -0.136192  0.023549  0.034565 -0.052317  0.003676  0.006116 -0.008180 -0.005810
                                -0.006488 -0.002386  0.059424 -0.121180 -0.107900 -0.145830 -0.133187 -0.017163 -0.035979 -0.051468
                                -0.001204  0.005900  0.008238 -0.006133 -0.006159  0.002756 -0.100157  0.198099  0.179975 -0.071252
                                 0.002021 -0.014087 -0.045200 -0.009686 -0.008574 -0.007871  0.000257  0.004586  0.006975 -0.001608
                                 0.036155 -0.069494 -0.077746 -0.077181  0.094521 -0.014700 -0.018588  0.036766 -0.002114 -0.003299
                                -0.006390  0.003658 -0.006500 -0.005029 -0.043068 -0.014961 -0.036364 -0.017216  0.119216  0.045802
                                -0.075356 -0.029526 -0.075347 -0.029520  0.119199  0.045788 -0.043058 -0.014945 -0.036379 -0.017223

  12.1   2    -0.6840  -13.1556 -0.004655  0.009059  0.015019  0.072599 -0.128537  0.001533  0.031598 -0.055549  0.003626  0.003856
                                -0.001118  0.003962  0.000817 -0.005861 -0.005551  0.011096  0.032136  0.201900 -0.005982  0.039598
                                 0.075059 -0.000935  0.014153 -0.001904  0.001759  0.002196  0.003804 -0.000125 -0.005418  0.011392
                                 0.027899  0.103085  0.193156  0.033095  0.038426  0.072801  0.011611 -0.002018  0.003170  0.001061
                                -0.002903  0.001690 -0.005322  0.011195  0.027758 -0.097635  0.193970 -0.042386 -0.036354  0.073062
                                -0.015106 -0.001854 -0.002935  0.001161 -0.002969 -0.002022 -0.005643  0.011284  0.032297 -0.202140
                                -0.002447 -0.039642 -0.075165  0.000393 -0.014243 -0.001913 -0.001861  0.002312  0.003713  0.000084
                                -0.004604  0.008961  0.014908 -0.076141 -0.126371  0.004222 -0.033114 -0.054736 -0.001143  0.003339
                                 0.001265  0.004073  0.000597  0.006078  0.077941  0.047446  0.020378  0.015217  0.117883  0.071772
                                 0.126474  0.077523  0.126281  0.077438  0.118066  0.071866  0.077972  0.047472  0.020142  0.015084

  13.1   2    -0.6688  -12.5541  0.040297 -0.075738 -0.099958  0.002749  0.078469  0.149996 -0.004901  0.041443  0.070571 -0.012674
                                 0.008273 -0.000160  0.001297  0.000950 -0.057547  0.117112  0.100489  0.108024 -0.081003  0.046202
                                 0.078300 -0.037735  0.024856 -0.005920  0.002748  0.003357  0.014191 -0.001403  0.062674 -0.127753
                                -0.094300 -0.068512 -0.083794 -0.009467 -0.041924 -0.085300 -0.007222  0.004241 -0.010305 -0.000066
                                 0.009486 -0.005698 -0.062684  0.127773  0.094345 -0.066355  0.085389 -0.013585 -0.039622  0.086090
                                -0.011360 -0.003736 -0.009764  0.000381 -0.009751 -0.006509  0.057534 -0.117087 -0.100429  0.109869
                                 0.080142  0.042452  0.079175  0.036731  0.023156  0.006025  0.003354 -0.003565 -0.013942 -0.001484
                                -0.040295  0.075721  0.099974  0.000573 -0.071537  0.153565 -0.006047 -0.037996  0.072433  0.012559
                                 0.008336 -0.000182 -0.000911  0.001952 -0.027567 -0.013295 -0.127131 -0.073637  0.123528  0.064766
                                -0.121816 -0.056274  0.122010  0.056403 -0.123339 -0.064644  0.027732  0.013390  0.127151  0.073665

  14.1   2    -0.6072  -12.6343  0.017792 -0.033873 -0.053720 -0.068561  0.099755 -0.230814 -0.035525  0.049701 -0.115569  0.007846
                                 0.011529 -0.003951  0.005082  0.010274 -0.030104  0.056677  0.078891  0.013219  0.042947 -0.068559
                                 0.008606  0.013419 -0.032526  0.000820 -0.002241  0.005845  0.006236  0.000631  0.024158 -0.045719
                                -0.079589 -0.011341 -0.118902 -0.072557 -0.004808 -0.049112 -0.037367  0.003566 -0.012434 -0.000770
                                 0.004551  0.000487 -0.024158  0.045721  0.079579 -0.007844  0.115604 -0.078096 -0.003376  0.047405
                                -0.039659 -0.003577 -0.012115  0.001365 -0.005226 -0.000083  0.030124 -0.056717 -0.078915  0.012029
                                -0.046652 -0.066352  0.008263 -0.015232 -0.031793 -0.000867 -0.002173 -0.005732 -0.006374  0.000417
                                -0.017804  0.033907  0.053731 -0.071479 -0.108550 -0.225742 -0.036978 -0.054091 -0.113045 -0.008654
                                 0.011984  0.003647 -0.004901  0.009236 -0.152310 -0.108907  0.107209  0.078399  0.031383  0.019539
                                -0.101116 -0.069907  0.101068  0.069871 -0.031383 -0.019522  0.152208  0.108830 -0.107160 -0.078370

  15.1   2    -0.5799  -14.3565 -0.000783 -0.000719  0.005185 -0.141581 -0.182358  0.017755 -0.064584 -0.083115  0.009211  0.000895
                                -0.007921 -0.003158  0.004791 -0.006672  0.004341 -0.009043 -0.038326 -0.049971  0.271818  0.038409
                                -0.012494  0.099999  0.017825  0.001219 -0.010936 -0.004087 -0.004537 -0.003534 -0.007722  0.012315
                                 0.003173  0.214988 -0.159662  0.048355  0.079482 -0.061784  0.019926  0.000625 -0.004970 -0.002712
                                -0.007451 -0.001687 -0.007580  0.012027  0.003171 -0.219311 -0.153582 -0.041298 -0.081163 -0.059660
                                -0.017181  0.000473  0.005089 -0.002884 -0.007178  0.001429  0.004529 -0.009421 -0.038597  0.054167
                                 0.267889 -0.051722  0.013759  0.098561 -0.022782  0.000908  0.010932 -0.004464 -0.003934  0.003535
                                -0.000666 -0.000952  0.004903  0.136607 -0.187741 -0.008092  0.062280 -0.085599 -0.004749  0.000387
                                 0.007540 -0.003326  0.004978  0.007061  0.054683  0.041654 -0.000456  0.000687 -0.034803 -0.029994
                                -0.014078 -0.011427 -0.012938 -0.010513 -0.032908 -0.028569  0.054740  0.041724  0.000064  0.001085

  16.1   2    -0.5764  -13.1222  0.010798 -0.021433 -0.027393 -0.016687 -0.077627 -0.091395 -0.005325 -0.033284 -0.048011  0.005948
                                -0.002991  0.000838  0.008501 -0.000351  0.015114 -0.030489 -0.021227  0.286293 -0.033397  0.046723
                                 0.131266 -0.010205  0.021659 -0.001346  0.002789  0.004779  0.015126  0.000828  0.013863 -0.027985
                                -0.004895  0.005975  0.195267  0.022498  0.002819  0.069689  0.007301 -0.002016  0.012639  0.001996
                                 0.006641  0.003336 -0.013949  0.028124  0.004920 -0.002009 -0.195770  0.031371 -0.000079 -0.069965
                                 0.010453  0.001743  0.012936 -0.002561 -0.006183  0.003267 -0.015050  0.030358  0.020752  0.287758
                                 0.030805  0.045054  0.131678  0.008771  0.021150  0.001299  0.003506 -0.004991 -0.015029  0.000396
                                -0.010817  0.021443  0.027476 -0.013084  0.071614 -0.094796 -0.003739  0.030175 -0.049441 -0.005861
                                -0.002479 -0.000786 -0.008562 -0.001150 -0.006206 -0.001898  0.054283  0.042089  0.168526  0.128001
                                 0.097233  0.079012 -0.097331 -0.079103 -0.168960 -0.128371  0.006685  0.002264 -0.054100 -0.041945

  17.1   2    -0.5393  -13.2001 -0.019263  0.039481  0.049858 -0.209678  0.178694 -0.032406 -0.107940  0.097300 -0.026130 -0.001510
                                 0.004936 -0.010437  0.011445  0.010168  0.000897 -0.000157 -0.001697 -0.026643 -0.022923 -0.009375
                                -0.014503 -0.009132 -0.005163  0.000437  0.011379 -0.000470 -0.003053  0.003028  0.018693 -0.039044
                                -0.040325  0.199257  0.130423  0.055164  0.090199  0.067530  0.026621 -0.000996  0.006068 -0.002506
                                -0.015251  0.002684  0.018698 -0.039052 -0.040338 -0.195590  0.133152 -0.061635 -0.088306  0.068691
                                -0.029974 -0.000743 -0.005343 -0.002317 -0.015417 -0.003430  0.000910 -0.000186 -0.001705  0.025896
                                -0.023186  0.010388  0.014201 -0.009272  0.005556  0.000688 -0.011210 -0.000026 -0.003517 -0.003139
                                -0.019266  0.039486  0.049869  0.214557  0.174166  0.024074  0.110601  0.095416  0.021587 -0.000686
                                -0.006069 -0.010444  0.011615 -0.009421 -0.145271 -0.120915  0.005004 -0.001624 -0.021221 -0.018409
                                 0.123384  0.101097  0.123437  0.101139 -0.021149 -0.018351 -0.145299 -0.120933  0.005090 -0.001563

  18.1   2    -0.5125  -12.7667 -0.005938  0.015796  0.004715 -0.132666  0.013196  0.289893 -0.065551  0.002544  0.173589 -0.025434
                                -0.002316  0.010027  0.006833 -0.005710 -0.004828  0.009919  0.018086  0.011251 -0.066451  0.091775
                                -0.000153 -0.030291  0.044752 -0.004891  0.004103 -0.001497  0.005443 -0.002794  0.003030 -0.006717
                                -0.005199 -0.061988  0.033803  0.029139 -0.030862  0.007484  0.023442  0.000175  0.001328  0.004383
                                 0.001070 -0.004162  0.003004 -0.006661 -0.005208  0.062895  0.030417 -0.030741  0.031052  0.005456
                                -0.023810 -0.000162 -0.001155  0.004553  0.000795  0.004096 -0.004827  0.009914  0.018118 -0.012736
                                -0.070322 -0.088639 -0.000456 -0.032352 -0.043314 -0.005114 -0.004448 -0.001226  0.005062  0.002667
                                -0.005957  0.015848  0.004670  0.132735 -0.004241 -0.290224  0.065428 -0.007546 -0.173540 -0.025824
                                 0.002426  0.010029  0.006732  0.003634  0.057697  0.047502 -0.203034 -0.176482  0.029322  0.030413
                                 0.000840  0.005548  0.000742  0.005437  0.029145  0.030274  0.057701  0.047504 -0.203063 -0.176522

  19.1   2    -0.4711  -13.2733  0.005614 -0.017134  0.007377 -0.022194 -0.257047 -0.018498 -0.007434 -0.143810 -0.007392  0.005636
                                -0.022009  0.002167  0.000473 -0.008945  0.007143 -0.014460 -0.047040  0.056807  0.254066  0.061633
                                 0.048417  0.122271  0.036844  0.000582 -0.014195 -0.001561  0.006173 -0.004544 -0.000687  0.002456
                                -0.009445  0.023693 -0.188087 -0.001168 -0.010787 -0.107084 -0.004482  0.002304 -0.017993  0.000232
                                 0.007719 -0.006946  0.000691 -0.002467  0.009425  0.028626  0.187128 -0.010216 -0.007953  0.107046
                                -0.009664 -0.001706 -0.017547  0.000416 -0.008372 -0.007511 -0.007155  0.014488  0.047054  0.050016
                                -0.252368  0.073671  0.045167 -0.121684  0.042663 -0.000196 -0.013756  0.002077 -0.006741 -0.004938
                                -0.005619  0.017147 -0.007378 -0.015381  0.256400 -0.030867 -0.003622  0.143430 -0.014337 -0.004888
                                -0.022046 -0.001357 -0.001262 -0.009361  0.124916  0.119377  0.036182  0.032561  0.039668  0.031622
                                -0.118786 -0.104743  0.118893  0.104844 -0.039818 -0.031751 -0.124809 -0.119278 -0.036256 -0.032627

  20.1   2    -0.4491  -13.0100  0.001317 -0.002370 -0.005438  0.254635  0.044704  0.084378  0.151192  0.010104  0.060888 -0.006208
                                -0.001950  0.011791 -0.016118 -0.003869 -0.011028  0.023489  0.024108 -0.197419 -0.051969 -0.042284
                                -0.134317 -0.029823 -0.028511  0.000347  0.002523 -0.005041 -0.024928  0.002791  0.005240 -0.013082
                                -0.024018  0.202392  0.014853  0.053098  0.108366  0.027766  0.030467 -0.000575  0.006094 -0.003241
                                -0.017956  0.002505  0.005231 -0.013063 -0.023996 -0.202027  0.017725 -0.053688 -0.107604  0.029174
                                -0.031695 -0.000330 -0.005232 -0.003055 -0.018118 -0.003332 -0.011005  0.023449  0.023984  0.195792
                                -0.054976  0.045160  0.133357 -0.031925  0.030228  0.000604 -0.001381 -0.005065 -0.024870 -0.003774
                                 0.001334 -0.002407 -0.005502 -0.253411  0.047282 -0.086675 -0.150932  0.011148 -0.061485 -0.006479
                                 0.003429  0.011744 -0.016118  0.002281  0.091426  0.084448 -0.049496 -0.049722 -0.146068 -0.132219
                                 0.084313  0.078021  0.084220  0.077939 -0.146031 -0.132172  0.091662  0.084688 -0.049600 -0.049804

  21.1   2    -0.4179  -13.1342 -0.005116  0.017266 -0.015885 -0.022211  0.033160 -0.080216  0.010650 -0.012815 -0.057287  0.007926
                                 0.003386  0.000639  0.000959  0.011193 -0.007536  0.011881  0.055373 -0.058097 -0.025527  0.197479
                                -0.060651 -0.020973  0.149292 -0.000899 -0.001593 -0.008555  0.004065  0.017150  0.001902 -0.003215
                                -0.025379 -0.072249 -0.034580  0.280745 -0.047826 -0.013835  0.202856 -0.002796 -0.000531 -0.002542
                                -0.000571 -0.013569 -0.001920  0.003248  0.025492 -0.070992  0.049985  0.278695 -0.047252  0.024816
                                 0.201904  0.003897 -0.000450  0.002207  0.001204 -0.013309  0.007520 -0.011847 -0.055316 -0.057620
                                 0.036427  0.195845 -0.060226  0.029700  0.147970 -0.000491 -0.000941  0.009082 -0.004919  0.016709
                                 0.005097 -0.017224  0.015973 -0.022736 -0.036293 -0.078572  0.011211  0.009830 -0.057844 -0.008824
                                 0.003410 -0.000519 -0.001254  0.010457 -0.054562 -0.074387  0.063082  0.051008 -0.001975  0.001551
                                -0.012917 -0.015035  0.012854  0.014997  0.002121 -0.001382  0.054400  0.074223 -0.063113 -0.051027

  22.1   2    -0.2993  -12.8693  0.008033 -0.020397 -0.033199  0.053651  0.000215 -0.077432  0.029002  0.018284 -0.066864  0.014085
                                -0.002426  0.001774 -0.001739  0.011378  0.002884 -0.007925 -0.008855 -0.056022 -0.032044  0.284437
                                -0.047340 -0.027482  0.260877  0.001137 -0.003934 -0.007434  0.003137  0.016677 -0.000517  0.001483
                                 0.006940 -0.057479 -0.014592  0.232658 -0.050900 -0.013850  0.216120  0.004389  0.004470  0.017167
                                -0.005763 -0.015110 -0.000515  0.001490  0.006921  0.056972 -0.027340 -0.231668  0.050519 -0.025515
                                -0.215171  0.003172 -0.003298  0.017757 -0.006698  0.014644  0.002907 -0.007962 -0.008911  0.055264
                                -0.046945 -0.282544  0.046677 -0.041044 -0.259238  0.002483  0.003374 -0.008059  0.004122 -0.016142
                                 0.008006 -0.020346 -0.033069 -0.053527  0.005382  0.077284 -0.028379  0.022204  0.065896  0.014982
                                 0.002585  0.001362 -0.001099 -0.010290 -0.028259 -0.022093  0.077387  0.120228 -0.000299 -0.002633
                                 0.007181  0.007597  0.007187  0.007573 -0.000292 -0.002657 -0.028221 -0.022069  0.077406  0.120249

 HOMO     22.1    -0.299325 =      -8.1451eV
 LUMO     23.1     0.137514 =       3.7419eV
 LUMO-HOMO         0.436839 =      11.8870eV


 **********************************************************************************************************************************
 DATASETS  * FILE   NREC   LENGTH (MB)   RECORD NAMES
              1      19       87.55       500      610      700      900      950      970     1000      129      960     1100   
                                          VAR    BASINP    GEOM    SYMINP    ZMAT    AOBASIS   BASIS     P2S    ABASIS      S 
                                         1400     1410     1200     1210     1080     1600     1650     1300     1700   
                                           T        V       H0       H01     AOSYM     SMH    MOLCAS    ERIS     OPER   

              2       4        3.18       700     1000      520     2100   
                                         GEOM     BASIS   MCVARS     RHF  

 PROGRAMS   *        TOTAL        HF       INT
 CPU TIMES  *         3.32      1.34      1.89
 REAL TIME  *         3.95 SEC
 DISK USED  *       247.78 MB      
 **********************************************************************************************************************************


 PROGRAM * OPT (Geometry optimization)     Authors: F. Eckert and H.-J. Werner


 BFGS update of hessian

 *** Long output written to logfile /oscar/home/tnorthey/molpro/chd/chd_opt_freq.log ***


 Geometry optimization using default procedure for command HF-SCF

 Geometry written to block  1 of record 700

 XYZ inputs for each point on the optimization path will be saved in files chd_opt_freq_xx.xyz

 Making model hessian for cartesian coordinates

 Entering Rational Function Geometry Optimization

 ITER.   ENERGY(OLD)    ENERGY(NEW)      DE          GRADMAX     GRADNORM    GRADRMS     STEPMAX     STEPLEN     STEPRMS   CPU-time
   1  -231.83101106  -231.83102175    -0.00001069  0.00317069  0.00387699  0.00010769  0.00728545  0.01488866  0.00397916      8.20
   2  -231.83102175  -231.83102248    -0.00000073  0.00062160  0.00083518  0.00002320  0.00283549  0.00432828  0.00115678     16.51
   3  -231.83102248  -231.83102266    -0.00000019  0.00014812  0.00028784  0.00000800  0.00187861  0.00265813  0.00071042     24.71

 END OF GEOMETRY OPTIMIZATION.

 Current geometry (xyz format, in Angstrom)


 Dump information in style XYZ to chd_opt_freq.xyz                                                                

   14
 HF-SCF000/6-31G*  ENERGY=-231.83102266
 C          0.7297557972       -1.2389875876       -0.1154439961
 C          1.4068295667        0.0703341842        0.2167627500
 C          0.7338616428        1.2103627512        0.1703560610
 C         -0.7007447923        1.2219429720       -0.1719539858
 C         -1.4047945016        0.0999098013       -0.1646583695
 C         -0.7637253503       -1.2102433589        0.2298875212
 H          1.2125295709       -2.0604760346        0.4044301829
 H          0.8560688073       -1.4329639630       -1.1811367193
 H          2.4592054399        0.0615716339        0.4426165463
 H          1.2220552311        2.1487083913        0.3680471863
 H         -1.1629639501        2.1628274955       -0.4148387348
 H         -2.4570162931        0.1092241085       -0.3911987201
 H         -1.2692510471       -2.0419453626       -0.2506263731
 H         -0.8945601524       -1.3497901788        1.3035187589

 **********************************************************************************************************************************

 Geometry written to block  1 of record 700


 **********************************************************************************************************************************
 DATASETS  * FILE   NREC   LENGTH (MB)   RECORD NAMES
              1      19       87.51       500      610      700      900      950      970     1000      129      960     1100   
                                          VAR    BASINP    GEOM    SYMINP    ZMAT    AOBASIS   BASIS     P2S    ABASIS      S 
                                         1400     1410     1200     1210     1080     1600     1650     1300     1700   
                                           T        V       H0       H01     AOSYM     SMH    MOLCAS    ERIS     OPER   

              2       4        3.18       700     1000      520     2100   
                                         GEOM     BASIS   MCVARS     RHF  

 PROGRAMS   *        TOTAL      OPTG        HF       INT
 CPU TIMES  *        28.03     24.71      1.34      1.89
 REAL TIME  *        29.91 SEC
 DISK USED  *       250.50 MB      
 **********************************************************************************************************************************


 PROGRAM * HESSIAN

 Computing numerical hessian using default procedure for command HF-SCF

 Using no symmetry in wavefunction calculations

 Running default procedure: HF-SCF000


 Numerically approximating hessian using central gradient differences

 Task list generated. Total number of displacements:     84

    8 tasks completed, CPU=1m 10s Elapsed=1m 10s
   16 tasks completed, CPU=2m 20s Elapsed=2m 21s
   24 tasks completed, CPU=3m 30s Elapsed=3m 31s
   32 tasks completed, CPU=4m 41s Elapsed=4m 42s
   40 tasks completed, CPU=5m 51s Elapsed=5m 52s
   48 tasks completed, CPU=7m 0s Elapsed=7m 2s
   56 tasks completed, CPU=8m 9s Elapsed=8m 11s
   64 tasks completed, CPU=9m 19s Elapsed=9m 21s
   72 tasks completed, CPU=10m 28s Elapsed=10m 31s
   80 tasks completed, CPU=11m 37s Elapsed=11m 40s

 Numerical HF-SCF000 hessian completed. CPU-time:   732.68 sec, Elapsed:   735.61 sec

 HF-SCF hessian saved to record  5300.2

 PROGRAM * FREQUENCIES (Calculation of harmonuc vibrational spectra for HF-SCF)


 Permanent Dipole Moment [debye]
   1-  3   -0.004503   -0.344822    0.007455

 Dipole Moment Norm    0.3449323 [debye]

 Dipole Moment Derivatives [debye/ang]
                   1             2             3             4             5             6             7             8
         1     0.1640373    -0.5440760     0.1325543    -0.0765073    -0.2086797    -0.1294133     0.5177162     1.2882722
         2    -0.2678431     0.6700434    -0.1829923     0.0133405     0.3242584     0.4654981     0.4433404     0.1028863
         3    -0.0803510    -0.1238981     1.2714434     0.3875879     0.2090527    -0.9838467     0.2456680     0.2751156
                   9            10            11            12            13            14            15            16
         1     0.4874691     0.4711257    -1.2739873     0.5383107    -0.0715741     0.2123505    -0.1502429     0.1869957
         2     0.2907040    -0.4413999     0.1207454    -0.3417576     0.0150661     0.2833226    -0.5208585     0.2775055
         3    -0.6477939     0.2586874    -0.3179742    -0.6182673     0.3816961    -0.2797763    -0.9484142    -0.0896867
                  17            18            19            20            21            22            23            24
         1     0.5633670     0.1111053    -0.0698669     0.4344756    -0.2820589     0.1991059     0.1898292     0.3249958
         2     0.6635069     0.2076186     0.4242344    -0.5558497     0.4695677    -0.2585277    -0.1376527    -0.4208433
         3     0.1546150     1.2554283    -0.1995881     0.3045264     0.0014244     0.1051863    -0.1587016    -0.8462573
                  25            26            27            28            29            30            31            32
         1    -0.7059875    -0.0521878    -0.3137079    -0.0203181    -0.3748234    -0.2327730    -0.0001258     0.3478100
         2    -0.0571005     0.1200981    -0.1179753    -0.3805880    -0.5181356    -0.1755211     0.3576297    -0.5187165
         3    -0.2758511    -0.0518093     0.5754204    -0.1768589    -0.1744298     0.6149898    -0.1888126     0.2331357
                  33            34            35            36            37            38            39            40
         1    -0.2445945    -0.7023232     0.0597597    -0.3140292    -0.0942950    -0.4608303    -0.2732075     0.2010076
         2     0.2366090     0.0666779     0.1262548     0.1475741    -0.4466207    -0.5667945    -0.4343035     0.2543056
         3     0.5952615    -0.2773563     0.0806471     0.5656970    -0.1867651    -0.2715237     0.0366681     0.0967579
                  41            42
         1    -0.1827788     0.3446049
         2    -0.1138674     0.3766987
         3     0.1209986    -0.8718995

 Projecting out rotations and translations

   Low Vibration      Wavenumber
        Nr             [1/cm] 
        1                0.00
        2                0.00
        3                0.00
        4                0.00
        5                0.00
        6                0.00

     Vibration        Wavenumber
        Nr             [1/cm] 
        1              199.36
        2              332.54
        3              518.27
        4              558.82
        5              609.18
        6              745.06
        7              836.01
        8              865.16
        9              908.69
       10              997.46
       11             1020.45
       12             1081.34
       13             1105.30
       14             1110.04
       15             1143.78
       16             1159.38
       17             1277.54
       18             1304.82
       19             1307.41
       20             1387.39
       21             1485.29
       22             1508.11
       23             1541.48
       24             1571.48
       25             1621.95
       26             1636.95
       27             1828.41
       28             1880.00
       29             3161.94
       30             3169.29
       31             3234.26
       32             3235.49
       33             3340.20
       34             3347.91
       35             3365.04
       36             3375.78

 FREQUENCIES * CALCULATION OF NORMAL MODES FOR HF-SCF


 Atomic Coordinates

  Nr  Atom  Charge       X              Y              Z

   1   C     6.00    1.379038594   -2.341347212   -0.218157535
   2   C     6.00    2.658522585    0.132912345    0.409622231
   3   C     6.00    1.386797518    2.287254111    0.321926299
   4   C     6.00   -1.324215741    2.309137557   -0.324945939
   5   C     6.00   -2.654676869    0.188802162   -0.311159222
   6   C     6.00   -1.443231746   -2.287028492    0.434424454
   7   H     1.00    2.291348807   -3.893735392    0.764262282
   8   H     1.00    1.617735590   -2.707909437   -2.232024915
   9   H     1.00    4.647224765    0.116353525    0.836424051
  10   H     1.00    2.309349696    4.060470381    0.695508383
  11   H     1.00   -2.197683358    4.087151621   -0.783931595
  12   H     1.00   -4.643087878    0.206403651   -0.739258441
  13   H     1.00   -2.398536862   -3.858717497   -0.473615205
  14   H     1.00   -1.690473690   -2.550733763    2.463293453

 Frequencies dumped to record   5400.2

 Gradient norm at reference geometry: 0.28784D-03

 Molecule is not in standard orientation!
 Symmetry information for normal modes not available!

 Normal Modes

                              1 A         2 A         3 A         4 A         5 A  
 Wavenumbers [cm-1]          199.36      332.54      518.27      558.82      609.18
 Intensities [km/mol]          0.26        0.58        5.02        0.06        0.27
 Intensities [relative]        0.37        0.83        7.18        0.09        0.39
           GX1              0.02995    -0.00781     0.08501     0.01237     0.02587
           GY1             -0.02692     0.03605    -0.08126    -0.01017     0.08268
           GZ1              0.10661    -0.03108    -0.03063    -0.00427     0.01422
           GX2              0.01162    -0.01105    -0.03087     0.01100     0.14480
           GY2              0.01709     0.00144    -0.05625     0.02038    -0.00287
           GZ2             -0.03559     0.12003     0.03213    -0.09920     0.01047
           GX3              0.01596     0.02614    -0.06366    -0.02775     0.01242
           GY3              0.01618     0.01257    -0.06892     0.00118    -0.08893
           GZ3             -0.06796    -0.08559    -0.02809     0.11011     0.01538
           GX4             -0.01547     0.02573    -0.06179     0.02765    -0.01485
           GY4              0.01983    -0.01733     0.06922    -0.00476    -0.08921
           GZ4              0.06710    -0.08487    -0.03126    -0.11006    -0.01113
           GX5             -0.01112    -0.01103    -0.02931    -0.01044    -0.14482
           GY5              0.01908     0.00457     0.05851     0.02543     0.00060
           GZ5              0.03473     0.11994     0.02928     0.09815    -0.01043
           GX6             -0.03074    -0.00881     0.08721    -0.01254    -0.02362
           GY6             -0.03112    -0.03725     0.07737    -0.00953     0.08258
           GZ6             -0.10522    -0.02934    -0.03440     0.00469    -0.01814
           GX7             -0.03107     0.01242    -0.01034     0.02021    -0.08330
           GY7              0.06262    -0.05270    -0.05309     0.09424     0.01347
           GZ7              0.30623    -0.19301     0.10405     0.15597     0.00675
           GX8              0.19427    -0.04278     0.19447     0.04018     0.03022
           GY8             -0.20948     0.22924    -0.17494    -0.20999     0.07662
           GZ8              0.16018    -0.06987     0.00125     0.03806     0.01543
           GX9              0.03173    -0.04937    -0.06535    -0.00677     0.16071
           GY9              0.03905    -0.02339     0.02823     0.01188     0.02408
           GZ9             -0.12599     0.29447     0.19548    -0.01576    -0.06215
           GX10             0.04688     0.00374    -0.04311    -0.09084    -0.09102
           GY10             0.02389     0.02521    -0.10192    -0.01741    -0.02564
           GZ10            -0.18115    -0.09000     0.08159     0.35460    -0.02569
           GX11            -0.04613     0.00295    -0.04037     0.09014     0.09029
           GY11             0.03380    -0.02956     0.10690    -0.03672    -0.02690
           GZ11             0.17978    -0.08868     0.07701    -0.35321     0.02699
           GX12            -0.03063    -0.04865    -0.06611     0.00703    -0.15998
           GY12             0.04589     0.03869    -0.01710     0.01240     0.03141
           GZ12             0.12398     0.29298     0.19653     0.01546     0.06076
           GX13             0.03258     0.01374    -0.00878    -0.01772     0.08364
           GY13             0.04711     0.04309     0.05814     0.08727     0.01082
           GZ13            -0.30885    -0.19528     0.10161    -0.16014    -0.00733
           GX14            -0.20005    -0.04909     0.19926    -0.04568    -0.02816
           GY14            -0.21145    -0.23103     0.16965    -0.21017     0.07661
           GZ14            -0.15015    -0.05891    -0.00691    -0.02807    -0.01906

                              6 A         7 A         8 A         9 A        10 A  
 Wavenumbers [cm-1]          745.06      836.01      865.16      908.69      997.46
 Intensities [km/mol]         59.74       21.45        1.22        0.44        5.25
 Intensities [relative]       85.44       30.68        1.74        0.63        7.51
           GX1             -0.03524    -0.01340     0.02383    -0.08316     0.03461
           GY1              0.01489    -0.00228    -0.01892     0.11056     0.09988
           GZ1             -0.02151    -0.06605    -0.02998     0.01808     0.02399
           GX2              0.00627    -0.04719     0.05469    -0.06618    -0.09064
           GY2              0.03610     0.01464     0.01250    -0.05172    -0.05305
           GZ2             -0.03817     0.05948    -0.01702    -0.02579    -0.02788
           GX3              0.04599     0.03934     0.04468    -0.00628     0.02500
           GY3              0.05296     0.06055     0.01297    -0.04568    -0.03367
           GZ3             -0.02026     0.02073    -0.09327    -0.03389    -0.00567
           GX4              0.04450     0.03766    -0.04430     0.00504     0.02585
           GY4             -0.05510    -0.06054     0.01867    -0.04417     0.03270
           GZ4             -0.01768     0.02371     0.09250     0.03602    -0.00727
           GX5              0.00528    -0.04759    -0.05426     0.06474    -0.08921
           GY5             -0.03803    -0.01048     0.01480    -0.05222     0.05413
           GZ5             -0.03642     0.06009     0.01633     0.02828    -0.03043
           GX6             -0.03563    -0.01341    -0.02432     0.08616     0.03190
           GY6             -0.01494    -0.00052    -0.01681     0.10724    -0.09956
           GZ6             -0.02080    -0.06607     0.03088    -0.02327     0.02872
           GX7             -0.04302    -0.14308     0.02522    -0.16694     0.21522
           GY7              0.12987     0.09143     0.01296     0.14696     0.22129
           GZ7              0.16905     0.20656     0.02068     0.14747     0.04873
           GX8              0.02959     0.32770     0.00477    -0.03063     0.10592
           GY8             -0.19525    -0.15234    -0.09926    -0.03026     0.09416
           GZ8              0.02792     0.00350    -0.01457     0.05033     0.03167
           GX9             -0.08182     0.00012    -0.05264    -0.09837    -0.09637
           GY9             -0.08058    -0.04547    -0.02563    -0.16836    -0.16389
           GZ9              0.36704    -0.15716     0.48908     0.09576    -0.02739
           GX10            -0.09205     0.08082    -0.03586     0.01080     0.14810
           GY10             0.04464     0.09458    -0.00857    -0.07913    -0.11480
           GZ10             0.36165    -0.24262     0.22068     0.06273     0.05654
           GX11            -0.09313     0.07811     0.03539    -0.01300     0.15109
           GY11            -0.02470    -0.10831    -0.02009    -0.08174     0.11329
           GZ11             0.36332    -0.23787    -0.21979    -0.05893     0.05119
           GX12            -0.07957     0.00145     0.05193     0.09371    -0.09187
           GY12             0.10009     0.03798    -0.05028    -0.17532     0.16481
           GZ12             0.36267    -0.15957    -0.48712    -0.08754    -0.03537
           GX13            -0.04648    -0.14544    -0.02478     0.17083     0.20912
           GY13            -0.12044    -0.07756     0.01272     0.13512    -0.22460
           GZ13             0.17500     0.21063    -0.02146    -0.15418     0.05937
           GX14             0.03498     0.33173    -0.00779     0.02980     0.10335
           GY14             0.19547     0.14326    -0.09837    -0.03345    -0.09538
           GZ14             0.01863    -0.00353     0.01927    -0.04882     0.03618

                             11 A        12 A        13 A        14 A        15 A  
 Wavenumbers [cm-1]         1020.45     1081.34     1105.30     1110.04     1143.78
 Intensities [km/mol]          0.60        6.22        0.18        0.64        0.13
 Intensities [relative]        0.86        8.89        0.25        0.91        0.19
           GX1             -0.05021    -0.04717     0.02270     0.01924     0.10140
           GY1             -0.01176     0.08353     0.00480    -0.04380     0.04612
           GZ1              0.01327    -0.01806     0.04267     0.01416    -0.05786
           GX2              0.04690     0.08330    -0.02215    -0.05204    -0.03186
           GY2             -0.03328    -0.00164    -0.01437    -0.00699    -0.03853
           GZ2              0.01052     0.04660     0.02401     0.04299     0.00982
           GX3              0.12233    -0.03893     0.02140     0.03531     0.03968
           GY3              0.07125    -0.07910     0.00352     0.04727    -0.01152
           GZ3              0.04927    -0.03994    -0.07097    -0.05517     0.01544
           GX4             -0.12036    -0.03679    -0.02149     0.03381    -0.03997
           GY4              0.07213     0.07817     0.00783    -0.05073    -0.01117
           GZ4             -0.05264    -0.04364     0.07115    -0.05229    -0.01491
           GX5             -0.04778     0.08335     0.02206    -0.05165     0.03075
           GY5             -0.03248     0.00154    -0.01617     0.01033    -0.03981
           GZ5             -0.00894     0.04647    -0.02365     0.04242    -0.00795
           GX6              0.04984    -0.04947    -0.02270     0.02031    -0.10005
           GY6             -0.01369    -0.08296     0.00309     0.04388     0.05161
           GZ6             -0.01269    -0.01408    -0.04294     0.01168     0.05554
           GX7             -0.11193    -0.14374     0.06377     0.02217     0.27918
           GY7             -0.04900     0.11483    -0.04771    -0.09014     0.21738
           GZ7              0.01426     0.12268    -0.08003    -0.06113     0.04865
           GX8             -0.06322     0.14892     0.04243     0.00276     0.23101
           GY8             -0.03257    -0.02286     0.17007     0.06426    -0.00596
           GZ8              0.01647     0.02581     0.01215    -0.00840    -0.03371
           GX9              0.06776     0.13076     0.04827     0.03724    -0.02531
           GY9             -0.24578     0.02574     0.01943     0.02429    -0.11168
           GZ9             -0.07053    -0.17187    -0.30401    -0.36941    -0.02425
           GX10             0.24485    -0.10161    -0.05788    -0.09152     0.21790
           GY10             0.01479    -0.08805    -0.07300     0.01390    -0.09115
           GZ10             0.05692     0.15767     0.48605     0.41663    -0.05083
           GX11            -0.24441    -0.09903     0.05642    -0.09126    -0.22029
           GY11             0.01871     0.09823    -0.09793     0.00786    -0.08256
           GZ11            -0.05790     0.15277    -0.48526     0.41294     0.05511
           GX12            -0.07444     0.12991    -0.04811     0.03620     0.02222
           GY12            -0.24028    -0.03744     0.03565    -0.04257    -0.11112
           GZ12             0.08207    -0.16988     0.30567    -0.36551     0.02945
           GX13             0.11042    -0.14675    -0.06502     0.02417    -0.27313
           GY13            -0.05255    -0.10484    -0.04272     0.08604     0.22248
           GZ13            -0.01187     0.12786     0.08258    -0.06461    -0.05917
           GX14             0.06227     0.14945    -0.03786     0.00078    -0.23099
           GY14            -0.03498     0.01990     0.17087    -0.06321     0.00188
           GZ14            -0.01489     0.02478    -0.02021    -0.00552     0.03381

                             16 A        17 A        18 A        19 A        20 A  
 Wavenumbers [cm-1]         1159.38     1277.54     1304.82     1307.41     1387.39
 Intensities [km/mol]          2.57        0.00        1.85        4.90        5.25
 Intensities [relative]        3.68        0.00        2.65        7.01        7.50
           GX1             -0.02659     0.01610     0.00352    -0.02131    -0.05231
           GY1             -0.00615     0.01152    -0.00846    -0.00180    -0.00736
           GZ1             -0.10529    -0.01810     0.03508     0.02876     0.03930
           GX2              0.00842    -0.01288     0.02257    -0.01777     0.01827
           GY2              0.00698     0.00162    -0.02926     0.02830     0.02235
           GZ2              0.08732    -0.00286    -0.03669    -0.04532     0.02533
           GX3             -0.00172     0.00547    -0.02057     0.01643     0.01125
           GY3              0.00817    -0.01547     0.01918    -0.00645    -0.02986
           GZ3             -0.03169     0.00456     0.00474     0.00063    -0.00241
           GX4              0.00201    -0.00588    -0.02108     0.01661    -0.01207
           GY4              0.00956    -0.01550    -0.01837     0.00602    -0.02940
           GZ4              0.03128    -0.00384     0.00561     0.00037     0.00382
           GX5             -0.00836     0.01292     0.02335    -0.01856    -0.01767
           GY5              0.00307     0.00140     0.02686    -0.02992     0.02161
           GZ5             -0.08757     0.00284    -0.03803    -0.04392    -0.02640
           GX6              0.02652    -0.01576     0.00376    -0.02126     0.05206
           GY6             -0.00183     0.01279     0.01003     0.00376    -0.01065
           GZ6              0.10549     0.01748     0.03469     0.02863    -0.03885
           GX7             -0.11978    -0.26496    -0.09972    -0.22751     0.39377
           GY7              0.11550    -0.12845    -0.12521    -0.15672     0.24347
           GZ7              0.18097     0.02025    -0.05224    -0.02951     0.01736
           GX8              0.00461    -0.00532     0.29656     0.32149    -0.36470
           GY8             -0.33735    -0.04621     0.24044     0.25702    -0.10285
           GZ8             -0.03529    -0.00837     0.02166     0.02250     0.02442
           GX9              0.07495    -0.01708     0.00644    -0.04799     0.02546
           GY9              0.04843     0.42829    -0.40091     0.31714     0.15887
           GZ9             -0.21024     0.02896     0.03365     0.09747    -0.00501
           GX10            -0.12698     0.38770    -0.27384     0.23106     0.13806
           GY10             0.05744    -0.23075     0.16025    -0.13828    -0.10222
           GZ10             0.05331     0.06682    -0.03220     0.08678     0.01593
           GX11             0.12863    -0.39389    -0.27842     0.23464    -0.14080
           GY11             0.05129    -0.22289    -0.15416     0.13574    -0.09901
           GZ11            -0.05585    -0.05605    -0.02475     0.08018    -0.01113
           GX12            -0.07370     0.02882     0.01741    -0.05664    -0.02111
           GY12             0.06030     0.42568     0.40204    -0.31049     0.15956
           GZ12             0.20754    -0.04933     0.01456     0.11230    -0.00257
           GX13             0.12292     0.26157    -0.09594    -0.22277    -0.38707
           GY13             0.10343    -0.13673     0.12513     0.16108     0.25318
           GZ13            -0.18623    -0.01388    -0.05824    -0.03703    -0.02914
           GX14            -0.01393     0.00360     0.28977     0.31428     0.36187
           GY14            -0.33502    -0.04550    -0.24730    -0.26440    -0.11405
           GZ14             0.05127     0.01053     0.03328     0.03488    -0.01926

                             21 A        22 A        23 A        24 A        25 A  
 Wavenumbers [cm-1]         1485.29     1508.11     1541.48     1571.48     1621.95
 Intensities [km/mol]          0.67        2.74        1.91        0.73        0.92
 Intensities [relative]        0.96        3.92        2.73        1.04        1.32
           GX1             -0.06031    -0.11609    -0.05635     0.00616     0.02470
           GY1             -0.03880    -0.04097    -0.07429     0.01130    -0.04488
           GZ1             -0.00194    -0.02556    -0.00353     0.00350    -0.02415
           GX2              0.00253     0.02273     0.03546    -0.03016     0.00184
           GY2             -0.04682     0.02284     0.06038    -0.07850     0.00580
           GZ2             -0.00488    -0.00560     0.01617    -0.01679    -0.00202
           GX3              0.03920     0.00793    -0.04555     0.09795     0.00088
           GY3             -0.02276    -0.01688     0.01027     0.00551    -0.00720
           GZ3              0.01020     0.00236    -0.01195     0.02295     0.00040
           GX4              0.03984    -0.00838    -0.04581    -0.09777     0.00109
           GY4              0.02214    -0.01674    -0.00957     0.00711     0.00718
           GZ4              0.00913    -0.00156    -0.01148    -0.02327     0.00006
           GX5              0.00381    -0.02209     0.03379     0.02800     0.00168
           GY5              0.04646     0.02371    -0.06049    -0.07841    -0.00593
           GZ5             -0.00711     0.00449     0.01904     0.02053    -0.00174
           GX6             -0.05925     0.11491    -0.05429    -0.00586     0.02588
           GY6              0.04031    -0.04287     0.07555     0.01130     0.04295
           GZ6             -0.00384     0.02755    -0.00708    -0.00403    -0.02622
           GX7              0.32466     0.11191     0.32214     0.01822    -0.11039
           GY7              0.18602     0.12399     0.12155     0.06003     0.18340
           GZ7             -0.00274     0.02145    -0.03531     0.05745     0.43007
           GX8              0.16684     0.44708     0.14896    -0.03428    -0.21205
           GY8              0.09729     0.20842     0.07079     0.06957     0.40794
           GZ8             -0.00045    -0.00086    -0.00852    -0.00740    -0.12072
           GX9             -0.00011     0.01951     0.04573    -0.03761     0.00284
           GY9              0.31589     0.12130    -0.22281     0.37667    -0.01858
           GZ9              0.03232     0.02316    -0.01194     0.03659    -0.00138
           GX10            -0.27743     0.04215     0.27157    -0.27276    -0.00697
           GY10             0.15522    -0.03784    -0.16609     0.22478    -0.00322
           GZ10            -0.05645     0.01752     0.05322    -0.05008    -0.00132
           GX11            -0.28164    -0.04325     0.27605     0.27884    -0.00692
           GY11            -0.15007    -0.03749     0.16088     0.21931     0.00332
           GZ11            -0.04919    -0.01574     0.04545     0.03952    -0.00149
           GX12            -0.00877    -0.01617     0.05181     0.04791     0.00334
           GY12            -0.31398     0.12038     0.22064     0.37332     0.01834
           GZ12             0.04730    -0.02890    -0.02245    -0.05438    -0.00225
           GX13             0.31945    -0.10842     0.31867    -0.01655    -0.11492
           GY13            -0.19483     0.12581    -0.13189     0.05767    -0.15955
           GZ13             0.00631    -0.02737    -0.02934    -0.06023     0.43785
           GX14             0.16427    -0.44114     0.14697     0.03624    -0.22308
           GY14            -0.10179     0.22038    -0.07516     0.06880    -0.40689
           GZ14             0.00427    -0.00931    -0.00504     0.00411    -0.10122

                             26 A        27 A        28 A        29 A        30 A  
 Wavenumbers [cm-1]         1636.95     1828.41     1880.00     3161.94     3169.29
 Intensities [km/mol]          0.59        2.15        0.64       16.87       69.92
 Intensities [relative]        0.84        3.07        0.92       24.13      100.00
           GX1             -0.02822     0.00941     0.00211    -0.00952     0.01423
           GY1              0.05003    -0.01255    -0.02030     0.01275    -0.02378
           GZ1              0.02444    -0.00467     0.00080     0.05175    -0.04170
           GX2             -0.00569    -0.05974    -0.04969     0.00119    -0.00103
           GY2             -0.01131     0.12415     0.12548     0.00068    -0.00026
           GZ2              0.00185     0.00082     0.00136     0.00032    -0.00038
           GX3              0.01047     0.10241     0.06763     0.00133    -0.00046
           GY3              0.00111    -0.09601    -0.11705    -0.00020     0.00011
           GZ3              0.00255     0.01370     0.00792     0.00019     0.00010
           GX4             -0.01044    -0.10501     0.07085    -0.00133    -0.00046
           GY4              0.00128    -0.09369     0.11540    -0.00017    -0.00009
           GZ4             -0.00261    -0.00920     0.00239    -0.00019     0.00010
           GX5              0.00539     0.06312    -0.05313    -0.00116    -0.00102
           GY5             -0.01154     0.12227    -0.12387     0.00069     0.00027
           GZ5             -0.00130    -0.00666     0.00728    -0.00035    -0.00040
           GX6              0.02958    -0.00974     0.00267     0.00975     0.01490
           GY6              0.04806    -0.01205     0.02026     0.00991     0.02141
           GZ6             -0.02680     0.00525    -0.00016    -0.05207    -0.04304
           GX7              0.12834    -0.06525    -0.00695     0.02625    -0.09923
           GY7             -0.15827    -0.06735    -0.04996    -0.04113     0.17510
           GZ7             -0.42983    -0.01787    -0.03517     0.04084    -0.12539
           GX8              0.20064    -0.01196     0.00279     0.07407    -0.06761
           GY8             -0.39948    -0.02061    -0.02083    -0.11730     0.10573
           GZ8              0.12095    -0.00179     0.00242    -0.66339     0.62577
           GX9             -0.00841    -0.07244    -0.06550    -0.01181     0.01297
           GY9              0.05959    -0.08864    -0.11605     0.00374    -0.00252
           GZ9              0.00363    -0.02944    -0.03520    -0.00101     0.00033
           GX10            -0.02855    -0.07349    -0.17395    -0.00240     0.00189
           GY10             0.02408    -0.01352    -0.00332    -0.00303     0.00162
           GZ10            -0.00800    -0.02092    -0.04417     0.00007    -0.00022
           GX11             0.02921     0.07308    -0.17383     0.00231     0.00184
           GY11             0.02365    -0.01451     0.00599    -0.00309    -0.00167
           GZ11             0.00686     0.02162    -0.04443     0.00008    -0.00015
           GX12             0.01004     0.06999    -0.06231     0.01184     0.01309
           GY12             0.05912    -0.08908     0.11599     0.00345     0.00220
           GZ12            -0.00644     0.03367    -0.04074     0.00084     0.00023
           GX13            -0.13238     0.06339    -0.00560    -0.02692    -0.10420
           GY13            -0.13424    -0.06820     0.04842    -0.04147    -0.17823
           GZ13             0.43718     0.02108    -0.03751    -0.03831    -0.11714
           GX14            -0.21181     0.01139     0.00336    -0.07643    -0.07044
           GY14            -0.39948    -0.02080     0.02081    -0.08317    -0.07439
           GZ14            -0.10204     0.00277     0.00144     0.66492     0.63344

                             31 A        32 A        33 A        34 A        35 A  
 Wavenumbers [cm-1]         3234.26     3235.49     3340.20     3347.91     3365.04
 Intensities [km/mol]         58.85       42.85        0.81        9.84       69.22
 Intensities [relative]       84.17       61.29        1.16       14.08       99.01
           GX1              0.02495    -0.02058    -0.00057     0.00133    -0.00019
           GY1             -0.04233     0.03625     0.00212    -0.00295     0.00260
           GZ1              0.03104    -0.04327    -0.00126     0.00075    -0.00058
           GX2             -0.00336     0.00297    -0.03455     0.04687    -0.04645
           GY2              0.00120    -0.00060    -0.00028    -0.00055     0.00466
           GZ2             -0.00038     0.00034    -0.00746     0.01014    -0.00972
           GX3             -0.00005    -0.00021     0.01993    -0.01591    -0.01278
           GY3             -0.00023    -0.00015     0.03908    -0.02672    -0.03601
           GZ3              0.00004    -0.00007     0.00807    -0.00606    -0.00620
           GX4              0.00005    -0.00020     0.01880     0.01522    -0.01175
           GY4             -0.00024     0.00014    -0.03910    -0.02694     0.03593
           GZ4             -0.00003    -0.00008     0.00993     0.00737    -0.00791
           GX5              0.00332     0.00307    -0.03442    -0.04694    -0.04653
           GY5              0.00111     0.00056     0.00087     0.00026    -0.00384
           GZ5              0.00032     0.00032    -0.00749    -0.01017    -0.00954
           GX6             -0.02562    -0.02219    -0.00062    -0.00142    -0.00027
           GY6             -0.04218    -0.03866    -0.00216    -0.00295    -0.00261
           GZ6             -0.02804    -0.04217    -0.00115    -0.00062    -0.00045
           GX7             -0.30200     0.27514     0.01032    -0.01515     0.01007
           GY7              0.51160    -0.47239    -0.02127     0.02806    -0.02303
           GZ7             -0.33019     0.30357     0.01259    -0.01625     0.01206
           GX8              0.00922    -0.03001    -0.00150     0.00018    -0.00091
           GY8             -0.01713     0.04725    -0.00028     0.00136    -0.00074
           GZ8             -0.04779     0.21557     0.00270     0.00481    -0.00194
           GX9              0.04401    -0.03494     0.41205    -0.54593     0.51300
           GY9             -0.00313     0.00215    -0.00301     0.00376    -0.00625
           GZ9              0.00820    -0.00717     0.08937    -0.11805     0.11027
           GX10             0.00114     0.00226    -0.23984     0.17432     0.18590
           GY10             0.00121     0.00440    -0.46174     0.32690     0.36761
           GZ10             0.00064     0.00037    -0.09695     0.06976     0.07633
           GX11            -0.00116     0.00213    -0.22657    -0.16592     0.17531
           GY11             0.00131    -0.00442     0.46202     0.32918    -0.36767
           GZ11            -0.00071     0.00057    -0.11892    -0.08583     0.09380
           GX12            -0.04329    -0.03602     0.41069     0.54669     0.51264
           GY12            -0.00228    -0.00159    -0.00400    -0.00559    -0.00255
           GZ12            -0.00794    -0.00729     0.08936     0.11861     0.11042
           GX13             0.30948     0.29541     0.01088     0.01597     0.01071
           GY13             0.50712     0.49032     0.02150     0.02844     0.02328
           GZ13             0.29915     0.28788     0.01154     0.01494     0.01096
           GX14            -0.00893    -0.03137    -0.00149    -0.00014    -0.00089
           GY14            -0.01373    -0.03644     0.00044     0.00113     0.00067
           GZ14             0.04346     0.21873     0.00270    -0.00485    -0.00196

                             36 A  
 Wavenumbers [cm-1]         3375.78
 Intensities [km/mol]         26.11
 Intensities [relative]       37.34
           GX1             -0.00078
           GY1              0.00261
           GZ1             -0.00007
           GX2             -0.03391
           GY2              0.00459
           GZ2             -0.00691
           GX3             -0.02112
           GY3             -0.04532
           GZ3             -0.00896
           GX4              0.01989
           GY4             -0.04547
           GZ4              0.01115
           GX5              0.03408
           GY5              0.00399
           GZ5              0.00674
           GX6              0.00085
           GY6              0.00259
           GZ6             -0.00005
           GX7              0.01077
           GY7             -0.02163
           GZ7              0.01150
           GX8              0.00001
           GY8             -0.00199
           GZ8             -0.00739
           GX9              0.36462
           GY9             -0.00603
           GZ9              0.07835
           GX10             0.25510
           GY10             0.48428
           GZ10             0.10227
           GX11            -0.24202
           GY11             0.48635
           GZ11            -0.12576
           GX12            -0.36529
           GY12             0.00023
           GZ12            -0.07857
           GX13            -0.01137
           GY13            -0.02188
           GZ13            -0.01048
           GX14            -0.00006
           GY14            -0.00163
           GZ14             0.00746


 Normal Modes of low/zero frequencies

                                  1           2           3           4           5
 Wavenumbers [cm-1]            0.00        0.00        0.00        0.00        0.00
 Intensities [km/mol]          0.00        0.00        0.00        0.00        0.00
 Intensities [relative]        0.00        0.00        0.00        0.00        0.00
           GX1             -0.00000    -0.00000     0.14455    -0.00000    -0.00000
           GY1              0.05669     0.02025     0.03409    -0.06280    -0.01645
           GZ1              0.08085     0.05341     0.00359     0.13644    -0.07114
           GX2              0.02921    -0.04202     0.08069     0.01387     0.05357
           GY2              0.05208     0.01561     0.06402    -0.05466    -0.06296
           GZ2              0.03950     0.15737     0.01578     0.07607     0.00299
           GX3              0.06189    -0.05081     0.02878     0.02449     0.09328
           GY3              0.06880     0.00985     0.03324    -0.05030    -0.03583
           GZ3             -0.02379     0.14330     0.01249     0.02899     0.09362
           GX4              0.06961    -0.02258     0.03202     0.02312     0.08662
           GY4              0.09403     0.00647    -0.03149    -0.05170     0.03839
           GZ4             -0.05528     0.02488    -0.00327     0.03472     0.12402
           GX5              0.03827    -0.01076     0.08353     0.01250     0.04675
           GY5              0.11390    -0.00160    -0.06389    -0.04470     0.06301
           GZ5             -0.02252    -0.07446    -0.01509     0.08699     0.06305
           GX6             -0.00666    -0.02892     0.13943     0.00177     0.00816
           GY6              0.11296    -0.00892    -0.03584    -0.03348     0.01359
           GZ6              0.04736    -0.06925    -0.01276     0.14166    -0.03836
           GX7             -0.03406    -0.03396     0.17660    -0.00554    -0.01857
           GY7              0.06551     0.00659     0.05441    -0.04458    -0.06866
           GZ7              0.12641     0.06337     0.00594     0.17037    -0.13640
           GX8              0.01763     0.09043     0.16522    -0.00647    -0.02893
           GY8              0.00761     0.06061     0.04375    -0.11074     0.05077
           GZ8              0.09188     0.05679     0.00428     0.14439    -0.08680
           GX9              0.02408    -0.06064     0.07860     0.01477     0.05792
           GY9              0.03250     0.01901     0.11159    -0.05474    -0.11570
           GZ9              0.06261     0.24422     0.02735     0.07189    -0.01933
           GX10             0.08369    -0.07758    -0.01655     0.03426     0.13084
           GY10             0.06369     0.00803     0.05498    -0.04627    -0.06655
           GZ10            -0.05337     0.21804     0.02126    -0.01428     0.14669
           GX11             0.10100    -0.01288    -0.00857     0.03099     0.11517
           GY11             0.09649     0.01023    -0.05186    -0.05796     0.07122
           GZ11            -0.10550     0.02099    -0.00497    -0.00454     0.19689
           GX12             0.04342     0.00791     0.08560     0.01160     0.04240
           GY12             0.13346    -0.00497    -0.11145    -0.04464     0.11580
           GZ12            -0.04565    -0.16128    -0.02665     0.09115     0.08541
           GX13            -0.01939     0.02009     0.18297    -0.00821    -0.03144
           GY13             0.10646     0.00305    -0.05734    -0.04975     0.06396
           GZ13             0.07200    -0.14153    -0.02134     0.18033    -0.08390
           GX14            -0.03374    -0.11631     0.13402     0.00511     0.02535
           GY14             0.16251    -0.04962    -0.04573     0.01485    -0.05400
           GZ14             0.05050    -0.08519    -0.01471     0.14835    -0.04505

                                  6
 Wavenumbers [cm-1]            0.00
 Intensities [km/mol]          0.00
 Intensities [relative]        0.00
           GX1              0.00000
           GY1              0.08151
           GZ1             -0.00601
           GX2             -0.02611
           GY2              0.09624
           GZ2             -0.01083
           GX3             -0.06452
           GY3              0.07580
           GZ3              0.04392
           GX4             -0.08087
           GY4              0.03719
           GZ4              0.11114
           GX5             -0.04486
           GY5              0.01466
           GZ5              0.12105
           GX6              0.01521
           GY6              0.02697
           GZ6              0.06431
           GX7              0.05039
           GY7              0.08622
           GZ7             -0.04536
           GX8             -0.04359
           GY8              0.10734
           GZ8             -0.01587
           GX9             -0.01529
           GY9              0.12508
           GZ9             -0.06014
           GX10            -0.08512
           GY10             0.08727
           GZ10             0.04033
           GX11            -0.12212
           GY11             0.02747
           GZ11             0.15198
           GX12            -0.05574
           GY12            -0.01415
           GZ12             0.17037
           GX13             0.01921
           GY13             0.02073
           GZ13             0.07090
           GX14             0.06977
           GY14             0.00084
           GZ14             0.06757


 Zero point energy:  0.13161333 [H]    28885.79 [1/CM]      345.55 [KJ/MOL]
 Frequency information read from record  5400.2

 Dump information in style MOLDEN to chd_opt_freq.mld                                                                

 Molecular orbitals read from record     2100.2  Type=RHF/CANONICAL (state 1.1)
 Occupation numbers read from record     2100.2  Type=RHF/RHF (state 1.1)
 Orbital energies read from record       2100.2  Type=RHF/CANONICAL (state 1.1)
 Redundancy group numbers read from rec  2100.2  Type=RHF/RHF (state 1.1)

 DUMP ORBITAL  1.1 AS ORBITAL    1  occ=    2.0000  eig=  -11.2199  GROUP=   2
 DUMP ORBITAL  2.1 AS ORBITAL    2  occ=    2.0000  eig=  -11.2198  GROUP=   2
 DUMP ORBITAL  3.1 AS ORBITAL    3  occ=    2.0000  eig=  -11.2191  GROUP=   2
 DUMP ORBITAL  4.1 AS ORBITAL    4  occ=    2.0000  eig=  -11.2185  GROUP=   2
 DUMP ORBITAL  5.1 AS ORBITAL    5  occ=    2.0000  eig=  -11.2169  GROUP=   2
 DUMP ORBITAL  6.1 AS ORBITAL    6  occ=    2.0000  eig=  -11.2162  GROUP=   2
 DUMP ORBITAL  7.1 AS ORBITAL    7  occ=    2.0000  eig=   -1.1257  GROUP=   2
 DUMP ORBITAL  8.1 AS ORBITAL    8  occ=    2.0000  eig=   -1.0071  GROUP=   2
 DUMP ORBITAL  9.1 AS ORBITAL    9  occ=    2.0000  eig=   -1.0017  GROUP=   2
 DUMP ORBITAL 10.1 AS ORBITAL   10  occ=    2.0000  eig=   -0.8441  GROUP=   2
 DUMP ORBITAL 11.1 AS ORBITAL   11  occ=    2.0000  eig=   -0.7974  GROUP=   2
 DUMP ORBITAL 12.1 AS ORBITAL   12  occ=    2.0000  eig=   -0.6839  GROUP=   2
 DUMP ORBITAL 13.1 AS ORBITAL   13  occ=    2.0000  eig=   -0.6691  GROUP=   2
 DUMP ORBITAL 14.1 AS ORBITAL   14  occ=    2.0000  eig=   -0.6070  GROUP=   2
 DUMP ORBITAL 15.1 AS ORBITAL   15  occ=    2.0000  eig=   -0.5799  GROUP=   2
 DUMP ORBITAL 16.1 AS ORBITAL   16  occ=    2.0000  eig=   -0.5763  GROUP=   2
 DUMP ORBITAL 17.1 AS ORBITAL   17  occ=    2.0000  eig=   -0.5393  GROUP=   2
 DUMP ORBITAL 18.1 AS ORBITAL   18  occ=    2.0000  eig=   -0.5125  GROUP=   2
 DUMP ORBITAL 19.1 AS ORBITAL   19  occ=    2.0000  eig=   -0.4712  GROUP=   2
 DUMP ORBITAL 20.1 AS ORBITAL   20  occ=    2.0000  eig=   -0.4491  GROUP=   2
 DUMP ORBITAL 21.1 AS ORBITAL   21  occ=    2.0000  eig=   -0.4177  GROUP=   2
 DUMP ORBITAL 22.1 AS ORBITAL   22  occ=    2.0000  eig=   -0.2990  GROUP=   2

 Total charge:      44.000000
 Frequency information read from record  5400.2

 **********************************************************************************************************************************

 HF/6-31G* energy=   -231.831022664095

        OPTG(HF)        HF-SCF  
   -231.83102266   -231.83101106
 **********************************************************************************************************************************
 Molpro calculation terminated
 Variable memory released
